<?xml version="1.0" encoding="UTF-8"?>
<!-- Generated by org.testng.reporters.JUnitReportReporter -->
<testsuite hostname="DESKTOP-AHTNAD1" failures="0" tests="1" name="APITest.ManifestTest" time="0.430" errors="0" timestamp="2021-12-27T19:06:15 IST" skipped="0">
  <testcase classname="APITest.ManifestTest" name="manifest" time="0.430"/>
  <system-out/>
</testsuite> <!-- APITest.ManifestTest -->
