<?xml version="1.0" encoding="UTF-8"?>
<!-- Generated by org.testng.reporters.JUnitReportReporter -->
<testsuite hostname="DESKTOP-AHTNAD1" failures="0" tests="2" name="APITest.SearchKeywordTest" time="1.373" errors="0" timestamp="2021-12-27T19:06:15 IST" skipped="0">
  <testcase classname="APITest.SearchKeywordTest" name="searchWithInvalidKeyword" time="1.251"/>
  <system-out/>
  <testcase classname="APITest.SearchKeywordTest" name="searchWithValidKeyword" time="0.122"/>
  <system-out/>
</testsuite> <!-- APITest.SearchKeywordTest -->
