<?xml version="1.0" encoding="UTF-8"?>
<!-- Generated by org.testng.reporters.JUnitReportReporter -->
<testsuite hostname="DESKTOP-AHTNAD1" failures="0" tests="3" name="BaseClass.SearchKeywordTest" time="39.426" errors="0" timestamp="2021-12-27T01:45:32 IST" skipped="0">
  <testcase classname="BaseClass.SearchKeywordTest" name="manifest" time="2.831"/>
  <system-out/>
  <testcase classname="BaseClass.SearchKeywordTest" name="searchWithInValidKeyword" time="35.765"/>
  <system-out/>
  <testcase classname="BaseClass.SearchKeywordTest" name="searchWithValidKeyword" time="0.830"/>
  <system-out/>
</testsuite> <!-- BaseClass.SearchKeywordTest -->
